
> @distri/core@1.0.0 build /workspace/packages/core
> tsup

[34mCLI[39m Building entry: src/index.ts
[34mCLI[39m Using tsconfig: tsconfig.json
[34mCLI[39m tsup v7.3.0
[34mCLI[39m Using tsup config: /workspace/packages/core/tsup.config.ts
[34mCLI[39m Target: es2020
[34mCLI[39m Cleaning output folder
[34mCJS[39m Build start
[34mESM[39m Build start
[32mESM[39m [1mdist/index.mjs     [22m[32m9.47 KB[39m
[32mESM[39m [1mdist/index.mjs.map [22m[32m22.07 KB[39m
[32mESM[39m ‚ö°Ô∏è Build success in 11ms
[32mCJS[39m [1mdist/index.js     [22m[32m10.64 KB[39m
[32mCJS[39m [1mdist/index.js.map [22m[32m22.48 KB[39m
[32mCJS[39m ‚ö°Ô∏è Build success in 11ms
[34mDTS[39m Build start
src/index.ts(3,30): error TS6307: File '/workspace/packages/core/src/distri-client.ts' is not listed within the file list of project ''. Projects must list all files or use an 'include' pattern.

[31mError: error occured in dts build
    at Worker.<anonymous> (/workspace/node_modules/.pnpm/tsup@7.3.0_postcss@8.5.6_typescript@5.8.3/node_modules/tsup/dist/index.js:2297:26)
    at Worker.emit (node:events:518:28)
    at MessagePort.<anonymous> (node:internal/worker:268:53)
    at [nodejs.internal.kHybridDispatch] (node:internal/event_target:827:20)
    at MessagePort.<anonymous> (node:internal/per_context/messageport:23:28)[39m
[31mDTS[39m [31mBuild error[39m
[31mRollupError: [plugin dts] src/index.ts: Failed to compile. Check the logs above.
    at getRollupError (/workspace/node_modules/.pnpm/rollup@4.44.1/node_modules/rollup/dist/shared/parseAst.js:285:41)
    at Object.error (/workspace/node_modules/.pnpm/rollup@4.44.1/node_modules/rollup/dist/shared/parseAst.js:281:42)
    at Object.error (/workspace/node_modules/.pnpm/rollup@4.44.1/node_modules/rollup/dist/shared/rollup.js:913:32)
    at Object.error (/workspace/node_modules/.pnpm/rollup@4.44.1/node_modules/rollup/dist/shared/rollup.js:22256:42)
    at generateDtsFromTs (/workspace/node_modules/.pnpm/tsup@7.3.0_postcss@8.5.6_typescript@5.8.3/node_modules/tsup/dist/rollup.js:7775:22)
    at /workspace/node_modules/.pnpm/tsup@7.3.0_postcss@8.5.6_typescript@5.8.3/node_modules/tsup/dist/rollup.js:7782:59
    at _nullishCoalesce (/workspace/node_modules/.pnpm/tsup@7.3.0_postcss@8.5.6_typescript@5.8.3/node_modules/tsup/dist/rollup.js:1:198)
    at Object.transform (/workspace/node_modules/.pnpm/tsup@7.3.0_postcss@8.5.6_typescript@5.8.3/node_modules/tsup/dist/rollup.js:7782:18)
    at /workspace/node_modules/.pnpm/rollup@4.44.1/node_modules/rollup/dist/shared/rollup.js:3391:40[39m
[41m[30m‚ÄâELIFECYCLE‚Äâ[39m[49m [31mCommand failed with exit code 1.[39m
